<?xml version="1.0" encoding="UTF-8"?>
<!-- Generated by org.testng.reporters.JUnitXMLReporter -->
<testsuite ignored="0" hostname="DESKTOP-9P2I9F6" failures="0" tests="3" name="Test" time="60.906" errors="0" timestamp="22 Aug 2020 16:44:33 GMT">
  <testcase classname="serviceNow.LaunchInstance" name="test_servicenow1" time="10.147"/>
  <testcase classname="serviceNow.UI_validation_ServiceNow" name="test_UIvalidation" time="4.428"/>
  <testcase classname="serviceNow.serviceNow_incidentInfo" name="test_IncidentInformation" time="14.699"/>
</testsuite> <!-- Test -->
